AH00558: apache2: Could not reliably determine the server's fully qualified domain name, using 172.19.0.3. Set the 'ServerName' directive globally to suppress this message
[Wed Feb 02 20:49:31.734200 2022] [mpm_prefork:notice] [pid 1] AH00163: Apache/2.4.52 (Debian) PHP/7.4.27 configured -- resuming normal operations
[Wed Feb 02 20:49:31.735199 2022] [core:notice] [pid 1] AH00094: Command line: 'apache2 -D FOREGROUND'
[Wed Feb 02 20:52:50.226464 2022] [mpm_prefork:notice] [pid 1] AH00170: caught SIGWINCH, shutting down gracefully
AH00558: apache2: Could not reliably determine the server's fully qualified domain name, using 172.19.0.3. Set the 'ServerName' directive globally to suppress this message
[Wed Feb 02 20:53:00.347221 2022] [mpm_prefork:notice] [pid 1] AH00163: Apache/2.4.52 (Debian) PHP/7.4.27 configured -- resuming normal operations
[Wed Feb 02 20:53:00.348232 2022] [core:notice] [pid 1] AH00094: Command line: 'apache2 -D FOREGROUND'
[Wed Feb 02 20:53:07.453015 2022] [mpm_prefork:notice] [pid 1] AH00170: caught SIGWINCH, shutting down gracefully
AH00558: apache2: Could not reliably determine the server's fully qualified domain name, using 172.19.0.3. Set the 'ServerName' directive globally to suppress this message
[Wed Feb 02 20:53:41.510224 2022] [mpm_prefork:notice] [pid 1] AH00163: Apache/2.4.52 (Debian) PHP/7.4.27 configured -- resuming normal operations
[Wed Feb 02 20:53:41.511099 2022] [core:notice] [pid 1] AH00094: Command line: 'apache2 -D FOREGROUND'
[Wed Feb 02 20:56:20.117322 2022] [mpm_prefork:notice] [pid 1] AH00170: caught SIGWINCH, shutting down gracefully
AH00558: apache2: Could not reliably determine the server's fully qualified domain name, using 172.19.0.3. Set the 'ServerName' directive globally to suppress this message
[Wed Feb 02 20:56:29.247244 2022] [mpm_prefork:notice] [pid 1] AH00163: Apache/2.4.52 (Debian) PHP/7.4.27 configured -- resuming normal operations
[Wed Feb 02 20:56:29.248094 2022] [core:notice] [pid 1] AH00094: Command line: 'apache2 -D FOREGROUND'
[Wed Feb 02 20:56:31.645046 2022] [mpm_prefork:notice] [pid 1] AH00170: caught SIGWINCH, shutting down gracefully
AH00558: apache2: Could not reliably determine the server's fully qualified domain name, using 172.19.0.3. Set the 'ServerName' directive globally to suppress this message
[Wed Feb 02 20:56:45.073108 2022] [mpm_prefork:notice] [pid 1] AH00163: Apache/2.4.52 (Debian) PHP/7.4.27 configured -- resuming normal operations
[Wed Feb 02 20:56:45.074262 2022] [core:notice] [pid 1] AH00094: Command line: 'apache2 -D FOREGROUND'
[Wed Feb 02 20:57:22.245448 2022] [mpm_prefork:notice] [pid 1] AH00170: caught SIGWINCH, shutting down gracefully
AH00558: apache2: Could not reliably determine the server's fully qualified domain name, using 172.19.0.3. Set the 'ServerName' directive globally to suppress this message
[Wed Feb 02 20:57:42.940699 2022] [mpm_prefork:notice] [pid 1] AH00163: Apache/2.4.52 (Debian) PHP/7.4.27 configured -- resuming normal operations
[Wed Feb 02 20:57:42.941953 2022] [core:notice] [pid 1] AH00094: Command line: 'apache2 -D FOREGROUND'
[Wed Feb 02 20:57:51.849626 2022] [mpm_prefork:notice] [pid 1] AH00170: caught SIGWINCH, shutting down gracefully
AH00558: apache2: Could not reliably determine the server's fully qualified domain name, using 172.19.0.3. Set the 'ServerName' directive globally to suppress this message
[Wed Feb 02 20:58:03.553032 2022] [mpm_prefork:notice] [pid 1] AH00163: Apache/2.4.52 (Debian) PHP/7.4.27 configured -- resuming normal operations
[Wed Feb 02 20:58:03.554339 2022] [core:notice] [pid 1] AH00094: Command line: 'apache2 -D FOREGROUND'
[Wed Feb 02 20:58:54.169070 2022] [mpm_prefork:notice] [pid 1] AH00170: caught SIGWINCH, shutting down gracefully
AH00558: apache2: Could not reliably determine the server's fully qualified domain name, using 172.19.0.3. Set the 'ServerName' directive globally to suppress this message
[Wed Feb 02 21:00:35.217062 2022] [mpm_prefork:notice] [pid 1] AH00163: Apache/2.4.52 (Debian) PHP/7.4.27 configured -- resuming normal operations
[Wed Feb 02 21:00:35.218113 2022] [core:notice] [pid 1] AH00094: Command line: 'apache2 -D FOREGROUND'
[Wed Feb 02 21:00:51.540802 2022] [mpm_prefork:notice] [pid 1] AH00170: caught SIGWINCH, shutting down gracefully
AH00558: apache2: Could not reliably determine the server's fully qualified domain name, using 172.20.0.3. Set the 'ServerName' directive globally to suppress this message
[Wed Feb 02 21:01:30.092890 2022] [mpm_prefork:notice] [pid 1] AH00163: Apache/2.4.52 (Debian) PHP/7.4.27 configured -- resuming normal operations
[Wed Feb 02 21:01:30.094271 2022] [core:notice] [pid 1] AH00094: Command line: 'apache2 -D FOREGROUND'
[Wed Feb 02 21:05:23.831691 2022] [mpm_prefork:notice] [pid 1] AH00170: caught SIGWINCH, shutting down gracefully
AH00558: apache2: Could not reliably determine the server's fully qualified domain name, using 172.20.0.3. Set the 'ServerName' directive globally to suppress this message
[Wed Feb 02 21:05:40.041281 2022] [mpm_prefork:notice] [pid 1] AH00163: Apache/2.4.52 (Debian) PHP/7.4.27 configured -- resuming normal operations
[Wed Feb 02 21:05:40.042205 2022] [core:notice] [pid 1] AH00094: Command line: 'apache2 -D FOREGROUND'
[Wed Feb 02 21:09:25.547048 2022] [mpm_prefork:notice] [pid 1] AH00170: caught SIGWINCH, shutting down gracefully
AH00558: apache2: Could not reliably determine the server's fully qualified domain name, using 172.20.0.3. Set the 'ServerName' directive globally to suppress this message
[Wed Feb 02 21:09:34.139401 2022] [mpm_prefork:notice] [pid 1] AH00163: Apache/2.4.52 (Debian) PHP/7.4.27 configured -- resuming normal operations
[Wed Feb 02 21:09:34.140250 2022] [core:notice] [pid 1] AH00094: Command line: 'apache2 -D FOREGROUND'
[Wed Feb 02 21:10:23.690743 2022] [mpm_prefork:notice] [pid 1] AH00170: caught SIGWINCH, shutting down gracefully
AH00558: apache2: Could not reliably determine the server's fully qualified domain name, using 172.20.0.3. Set the 'ServerName' directive globally to suppress this message
[Wed Feb 02 21:10:33.841560 2022] [mpm_prefork:notice] [pid 1] AH00163: Apache/2.4.52 (Debian) PHP/7.4.27 configured -- resuming normal operations
[Wed Feb 02 21:10:33.842326 2022] [core:notice] [pid 1] AH00094: Command line: 'apache2 -D FOREGROUND'
[Wed Feb 02 21:12:31.220714 2022] [mpm_prefork:notice] [pid 1] AH00170: caught SIGWINCH, shutting down gracefully
AH00112: Warning: DocumentRoot [/etc/apache2/public] does not exist
AH00558: apache2: Could not reliably determine the server's fully qualified domain name, using 172.20.0.3. Set the 'ServerName' directive globally to suppress this message
[Wed Feb 02 21:12:39.315010 2022] [mpm_prefork:notice] [pid 1] AH00163: Apache/2.4.52 (Debian) PHP/7.4.27 configured -- resuming normal operations
[Wed Feb 02 21:12:39.316461 2022] [core:notice] [pid 1] AH00094: Command line: 'apache2 -D FOREGROUND'
[Wed Feb 02 21:12:56.817130 2022] [authz_core:error] [pid 19] [client 172.20.0.1:56520] AH01630: client denied by server configuration: /etc/apache2/public
[Wed Feb 02 21:13:00.185685 2022] [authz_core:error] [pid 19] [client 172.20.0.1:56520] AH01630: client denied by server configuration: /etc/apache2/public
[Wed Feb 02 21:16:23.744577 2022] [mpm_prefork:notice] [pid 1] AH00170: caught SIGWINCH, shutting down gracefully
AH00558: apache2: Could not reliably determine the server's fully qualified domain name, using 172.20.0.3. Set the 'ServerName' directive globally to suppress this message
[Wed Feb 02 21:16:42.734261 2022] [mpm_prefork:notice] [pid 1] AH00163: Apache/2.4.52 (Debian) PHP/7.4.27 configured -- resuming normal operations
[Wed Feb 02 21:16:42.735432 2022] [core:notice] [pid 1] AH00094: Command line: 'apache2 -D FOREGROUND'
[Wed Feb 02 21:19:46.900504 2022] [mpm_prefork:notice] [pid 1] AH00170: caught SIGWINCH, shutting down gracefully
AH00558: apache2: Could not reliably determine the server's fully qualified domain name, using 172.21.0.3. Set the 'ServerName' directive globally to suppress this message
[Wed Feb 02 21:24:03.236176 2022] [mpm_prefork:notice] [pid 1] AH00163: Apache/2.4.52 (Debian) PHP/7.4.27 configured -- resuming normal operations
[Wed Feb 02 21:24:03.238422 2022] [core:notice] [pid 1] AH00094: Command line: 'apache2 -D FOREGROUND'
[Wed Feb 02 21:28:31.846370 2022] [mpm_prefork:notice] [pid 1] AH00169: caught SIGTERM, shutting down
AH00558: apache2: Could not reliably determine the server's fully qualified domain name, using 172.21.0.3. Set the 'ServerName' directive globally to suppress this message
[Wed Feb 02 21:30:25.305189 2022] [mpm_prefork:notice] [pid 1] AH00163: Apache/2.4.52 (Debian) PHP/7.4.27 configured -- resuming normal operations
[Wed Feb 02 21:30:25.306087 2022] [core:notice] [pid 1] AH00094: Command line: 'apache2 -D FOREGROUND'
[Wed Feb 02 21:31:55.212145 2022] [mpm_prefork:notice] [pid 1] AH00171: Graceful restart requested, doing restart
AH00558: apache2: Could not reliably determine the server's fully qualified domain name, using 172.21.0.3. Set the 'ServerName' directive globally to suppress this message
[Wed Feb 02 21:31:55.237497 2022] [mpm_prefork:notice] [pid 1] AH00163: Apache/2.4.52 (Debian) PHP/7.4.27 configured -- resuming normal operations
[Wed Feb 02 21:31:55.238438 2022] [core:notice] [pid 1] AH00094: Command line: 'apache2 -D FOREGROUND'
